2023-02-02 19:42:55,292 INFO  [Class] Application opened 
2023-02-02 19:42:59,272 INFO  [Class] Login completed 
2023-02-02 19:42:59,915 INFO  [Class] Application closed 
2023-02-02 19:43:02,725 INFO  [Class] Application opened 
2023-02-02 19:43:06,256 INFO  [Class] Login completed 
2023-02-02 19:43:06,452 INFO  [Class] entereed the frame 
2023-02-02 19:43:10,480 INFO  [Class] new emloye is added 
2023-02-02 19:43:10,487 INFO  [Class] frame is exited 
2023-02-02 19:43:11,163 INFO  [Class] Application closed 
2023-02-02 20:14:17,502 INFO  [Class] Application opened 
2023-02-02 20:14:22,203 INFO  [Class] Login completed 
2023-02-02 20:14:22,769 INFO  [Class] Application closed 
2023-02-02 20:15:00,965 INFO  [Class] Application opened 
2023-02-02 20:15:03,424 INFO  [Class] Login completed 
2023-02-02 20:15:03,753 INFO  [Class] Application closed 
2023-02-07 16:05:14,110 INFO  [Class] Application opened 
2023-02-07 16:05:15,853 INFO  [Class] Login completed 
2023-02-07 16:05:15,953 INFO  [Class] entereed the frame 
2023-02-07 16:05:18,765 INFO  [Class] new emloye is added 
2023-02-07 16:05:18,773 INFO  [Class] frame is exited 
2023-02-07 16:05:19,239 INFO  [Class] Application closed 
2023-02-07 16:05:21,723 INFO  [Class] Application opened 
2023-02-07 16:05:23,059 INFO  [Class] Login completed 
2023-02-07 16:05:23,417 INFO  [Class] Application closed 
2023-02-07 16:10:05,536 INFO  [Class] Application opened 
2023-02-07 16:10:07,193 INFO  [Class] Login completed 
2023-02-07 16:10:07,291 INFO  [Class] entereed the frame 
2023-02-07 16:10:10,657 INFO  [Class] new emloye is added 
2023-02-07 16:10:10,664 INFO  [Class] frame is exited 
2023-02-07 16:10:10,947 INFO  [Class] Application closed 
2023-02-07 16:10:13,776 INFO  [Class] Application opened 
2023-02-07 16:10:16,865 INFO  [Class] Login completed 
2023-02-07 16:10:17,197 INFO  [Class] Application closed 
2023-02-07 16:14:36,572 INFO  [Class] Application opened 
2023-02-07 16:14:38,290 INFO  [Class] Login completed 
2023-02-07 16:14:38,368 INFO  [Class] entereed the frame 
2023-02-07 16:14:41,286 INFO  [Class] new emloye is added 
2023-02-07 16:14:41,292 INFO  [Class] frame is exited 
2023-02-07 16:14:41,615 INFO  [Class] Application closed 
2023-02-07 16:14:43,768 INFO  [Class] Application opened 
2023-02-07 16:14:45,558 INFO  [Class] Login completed 
2023-02-07 16:14:45,869 INFO  [Class] Application closed 
2023-02-07 16:16:42,107 INFO  [Class] Application opened 
2023-02-07 16:16:44,005 INFO  [Class] Login completed 
2023-02-07 16:16:44,073 INFO  [Class] entereed the frame 
2023-02-07 16:16:47,036 INFO  [Class] new emloye is added 
2023-02-07 16:16:47,042 INFO  [Class] frame is exited 
2023-02-07 16:16:47,289 INFO  [Class] Application closed 
2023-02-07 16:16:49,648 INFO  [Class] Application opened 
2023-02-07 16:16:51,373 INFO  [Class] Login completed 
2023-02-07 16:16:51,662 INFO  [Class] Application closed 
2023-02-07 16:22:05,867 INFO  [Class] Application opened 
2023-02-07 16:22:07,618 INFO  [Class] Login completed 
2023-02-07 16:22:07,693 INFO  [Class] entereed the frame 
2023-02-07 16:22:11,251 INFO  [Class] new emloye is added 
2023-02-07 16:22:11,259 INFO  [Class] frame is exited 
2023-02-07 16:22:11,566 INFO  [Class] Application closed 
2023-02-07 16:22:13,592 INFO  [Class] Application opened 
2023-02-07 16:22:15,297 INFO  [Class] Login completed 
2023-02-07 16:22:15,557 INFO  [Class] Application closed 
